# JRE version: OpenJDK Runtime Environment Temurin-21.0.5+11 (21.0.5+11) (build 21.0.5+11-LTS)
# Java VM: OpenJDK 64-Bit Server VM Temurin-21.0.5+11 (21.0.5+11-LTS, mixed mode, emulated-client, sharing, tiered, compressed oops, compressed class ptrs, g1 gc, windows-amd64)
GC Precious Log:
 CardTable entry size: 512
 Card Set container configuration: InlinePtr #cards 4 size 8 Array Of Cards #cards 32 size 80 Howl #buckets 8 coarsen threshold 7372 Howl Bitmap #cards 1024 size 144 coarsen threshold 921 Card regions per heap region 1 cards per card region 8192
 CPUs: 20 total, 20 available
 Memory: 32468M
 Large Page Support: Disabled
 NUMA Support: Disabled
 Compressed Oops: Enabled (Zero based)
 Heap Region Size: 4M
 Heap Min Capacity: 8M
 Heap Initial Capacity: 508M
 Heap Max Capacity: 8120M
 Pre-touch: Disabled
 Parallel Workers: 15
 Concurrent Workers: 4
 Concurrent Refinement Workers: 15
 Periodic GC: Disabled
Heap:
 garbage-first heap   total 90112K, used 43915K [0x0000000604800000, 0x0000000800000000)
  region size 4096K, 8 young (32768K), 2 survivors (8192K)
 Metaspace       used 53402K, committed 54016K, reserved 1114112K
  class space    used 7406K, committed 7680K, reserved 1048576K
GC Heap History (20 events):
Event: 0.913 GC heap before
{Heap before GC invocations=3 (full 0):
 garbage-first heap   total 520192K, used 18690K [0x0000000604800000, 0x0000000800000000)
  region size 4096K, 4 young (16384K), 1 survivors (4096K)
 Metaspace       used 16297K, committed 16640K, reserved 1114112K
  class space    used 2022K, committed 2176K, reserved 1048576K
}
Event: 0.916 GC heap after
{Heap after GC invocations=4 (full 0):
 garbage-first heap   total 520192K, used 11019K [0x0000000604800000, 0x0000000800000000)
  region size 4096K, 1 young (4096K), 1 survivors (4096K)
 Metaspace       used 16297K, committed 16640K, reserved 1114112K
  class space    used 2022K, committed 2176K, reserved 1048576K
}
Event: 0.965 GC heap before
{Heap before GC invocations=5 (full 0):
 garbage-first heap   total 40960K, used 39691K [0x0000000604800000, 0x0000000800000000)
  region size 4096K, 8 young (32768K), 1 survivors (4096K)
 Metaspace       used 18233K, committed 18496K, reserved 1114112K
  class space    used 2271K, committed 2368K, reserved 1048576K
}
Event: 0.968 GC heap after
{Heap after GC invocations=6 (full 0):
 garbage-first heap   total 49152K, used 11630K [0x0000000604800000, 0x0000000800000000)
  region size 4096K, 2 young (8192K), 2 survivors (8192K)
 Metaspace       used 18233K, committed 18496K, reserved 1114112K
  class space    used 2271K, committed 2368K, reserved 1048576K
}
Event: 0.992 GC heap before
{Heap before GC invocations=6 (full 0):
 garbage-first heap   total 49152K, used 32110K [0x0000000604800000, 0x0000000800000000)
  region size 4096K, 7 young (28672K), 2 survivors (8192K)
 Metaspace       used 19789K, committed 20224K, reserved 1114112K
  class space    used 2487K, committed 2688K, reserved 1048576K
}
Event: 0.994 GC heap after
{Heap after GC invocations=7 (full 0):
 garbage-first heap   total 49152K, used 11897K [0x0000000604800000, 0x0000000800000000)
  region size 4096K, 1 young (4096K), 1 survivors (4096K)
 Metaspace       used 19789K, committed 20224K, reserved 1114112K
  class space    used 2487K, committed 2688K, reserved 1048576K
}
Event: 1.065 GC heap before
{Heap before GC invocations=7 (full 0):
 garbage-first heap   total 49152K, used 36473K [0x0000000604800000, 0x0000000800000000)
  region size 4096K, 7 young (28672K), 1 survivors (4096K)
 Metaspace       used 21928K, committed 22336K, reserved 1114112K
  class space    used 2773K, committed 2944K, reserved 1048576K
}
Event: 1.067 GC heap after
{Heap after GC invocations=8 (full 0):
 garbage-first heap   total 286720K, used 13314K [0x0000000604800000, 0x0000000800000000)
  region size 4096K, 1 young (4096K), 1 survivors (4096K)
 Metaspace       used 21928K, committed 22336K, reserved 1114112K
  class space    used 2773K, committed 2944K, reserved 1048576K
}
Event: 1.569 GC heap before
{Heap before GC invocations=8 (full 0):
 garbage-first heap   total 286720K, used 103426K [0x0000000604800000, 0x0000000800000000)
  region size 4096K, 24 young (98304K), 1 survivors (4096K)
 Metaspace       used 27283K, committed 27776K, reserved 1114112K
  class space    used 3555K, committed 3776K, reserved 1048576K
}
Event: 1.572 GC heap after
{Heap after GC invocations=9 (full 0):
 garbage-first heap   total 286720K, used 16782K [0x0000000604800000, 0x0000000800000000)
  region size 4096K, 2 young (8192K), 2 survivors (8192K)
 Metaspace       used 27283K, committed 27776K, reserved 1114112K
  class space    used 3555K, committed 3776K, reserved 1048576K
}
Event: 1.802 GC heap before
{Heap before GC invocations=10 (full 0):
 garbage-first heap   total 69632K, used 65934K [0x0000000604800000, 0x0000000800000000)
  region size 4096K, 14 young (57344K), 2 survivors (8192K)
 Metaspace       used 30936K, committed 31488K, reserved 1114112K
  class space    used 4086K, committed 4352K, reserved 1048576K
}
Event: 1.806 GC heap after
{Heap after GC invocations=11 (full 0):
 garbage-first heap   total 81920K, used 19778K [0x0000000604800000, 0x0000000800000000)
  region size 4096K, 3 young (12288K), 3 survivors (12288K)
 Metaspace       used 30936K, committed 31488K, reserved 1114112K
  class space    used 4086K, committed 4352K, reserved 1048576K
}
Event: 1.981 GC heap before
{Heap before GC invocations=11 (full 0):
 garbage-first heap   total 81920K, used 56642K [0x0000000604800000, 0x0000000800000000)
  region size 4096K, 12 young (49152K), 3 survivors (12288K)
 Metaspace       used 33722K, committed 34368K, reserved 1114112K
  class space    used 4455K, committed 4736K, reserved 1048576K
}
Event: 1.985 GC heap after
{Heap after GC invocations=12 (full 0):
 garbage-first heap   total 81920K, used 19991K [0x0000000604800000, 0x0000000800000000)
  region size 4096K, 1 young (4096K), 1 survivors (4096K)
 Metaspace       used 33722K, committed 34368K, reserved 1114112K
  class space    used 4455K, committed 4736K, reserved 1048576K
}
Event: 2.139 GC heap before
{Heap before GC invocations=12 (full 0):
 garbage-first heap   total 81920K, used 65047K [0x0000000604800000, 0x0000000800000000)
  region size 4096K, 12 young (49152K), 1 survivors (4096K)
 Metaspace       used 37703K, committed 38272K, reserved 1114112K
  class space    used 5085K, committed 5312K, reserved 1048576K
}
Event: 2.142 GC heap after
{Heap after GC invocations=13 (full 0):
 garbage-first heap   total 303104K, used 20622K [0x0000000604800000, 0x0000000800000000)
  region size 4096K, 2 young (8192K), 2 survivors (8192K)
 Metaspace       used 37703K, committed 38272K, reserved 1114112K
  class space    used 5085K, committed 5312K, reserved 1048576K
}
Event: 2.740 GC heap before
{Heap before GC invocations=13 (full 0):
 garbage-first heap   total 303104K, used 98446K [0x0000000604800000, 0x0000000800000000)
  region size 4096K, 23 young (94208K), 2 survivors (8192K)
 Metaspace       used 45814K, committed 46400K, reserved 1114112K
  class space    used 6105K, committed 6400K, reserved 1048576K
}
Event: 2.744 GC heap after
{Heap after GC invocations=14 (full 0):
 garbage-first heap   total 303104K, used 22401K [0x0000000604800000, 0x0000000800000000)
  region size 4096K, 2 young (8192K), 2 survivors (8192K)
 Metaspace       used 45814K, committed 46400K, reserved 1114112K
  class space    used 6105K, committed 6400K, reserved 1048576K
}
Event: 3.001 GC heap before
{Heap before GC invocations=15 (full 0):
 garbage-first heap   total 81920K, used 79745K [0x0000000604800000, 0x0000000800000000)
  region size 4096K, 16 young (65536K), 2 survivors (8192K)
 Metaspace       used 51514K, committed 52160K, reserved 1114112K
  class space    used 7120K, committed 7424K, reserved 1048576K
}
Event: 3.005 GC heap after
{Heap after GC invocations=16 (full 0):
 garbage-first heap   total 90112K, used 23435K [0x0000000604800000, 0x0000000800000000)
  region size 4096K, 2 young (8192K), 2 survivors (8192K)
 Metaspace       used 51514K, committed 52160K, reserved 1114112K
  class space    used 7120K, committed 7424K, reserved 1048576K
}

