# JRE version: OpenJDK Runtime Environment Temurin-21.0.5+11 (21.0.5+11) (build 21.0.5+11-LTS)
# Java VM: OpenJDK 64-Bit Server VM Temurin-21.0.5+11 (21.0.5+11-LTS, mixed mode, emulated-client, sharing, tiered, compressed oops, compressed class ptrs, g1 gc, windows-amd64)
GC Precious Log:
 CardTable entry size: 512
 Card Set container configuration: InlinePtr #cards 4 size 8 Array Of Cards #cards 32 size 80 Howl #buckets 8 coarsen threshold 7372 Howl Bitmap #cards 1024 size 144 coarsen threshold 921 Card regions per heap region 1 cards per card region 8192
 CPUs: 20 total, 20 available
 Memory: 32468M
 Large Page Support: Disabled
 NUMA Support: Disabled
 Compressed Oops: Enabled (Zero based)
 Heap Region Size: 4M
 Heap Min Capacity: 8M
 Heap Initial Capacity: 508M
 Heap Max Capacity: 8120M
 Pre-touch: Disabled
 Parallel Workers: 15
 Concurrent Workers: 4
 Concurrent Refinement Workers: 15
 Periodic GC: Disabled
Heap:
 garbage-first heap   total 315392K, used 23984K [0x0000000604800000, 0x0000000800000000)
  region size 4096K, 2 young (8192K), 1 survivors (4096K)
 Metaspace       used 53685K, committed 54336K, reserved 1114112K
  class space    used 7417K, committed 7680K, reserved 1048576K
GC Heap History (20 events):
Event: 1.070 GC heap before
{Heap before GC invocations=6 (full 0):
 garbage-first heap   total 45056K, used 27489K [0x0000000604800000, 0x0000000800000000)
  region size 4096K, 5 young (20480K), 1 survivors (4096K)
 Metaspace       used 18157K, committed 18624K, reserved 1114112K
  class space    used 2265K, committed 2496K, reserved 1048576K
}
Event: 1.072 GC heap after
{Heap after GC invocations=7 (full 0):
 garbage-first heap   total 282624K, used 11703K [0x0000000604800000, 0x0000000800000000)
  region size 4096K, 1 young (4096K), 1 survivors (4096K)
 Metaspace       used 18157K, committed 18624K, reserved 1114112K
  class space    used 2265K, committed 2496K, reserved 1048576K
}
Event: 1.152 GC heap before
{Heap before GC invocations=7 (full 0):
 garbage-first heap   total 282624K, used 44471K [0x0000000604800000, 0x0000000800000000)
  region size 4096K, 10 young (40960K), 1 survivors (4096K)
 Metaspace       used 21134K, committed 21504K, reserved 1114112K
  class space    used 2678K, committed 2816K, reserved 1048576K
}
Event: 1.153 GC heap after
{Heap after GC invocations=8 (full 0):
 garbage-first heap   total 282624K, used 12692K [0x0000000604800000, 0x0000000800000000)
  region size 4096K, 1 young (4096K), 1 survivors (4096K)
 Metaspace       used 21134K, committed 21504K, reserved 1114112K
  class space    used 2678K, committed 2816K, reserved 1048576K
}
Event: 1.363 GC heap before
{Heap before GC invocations=9 (full 0):
 garbage-first heap   total 57344K, used 53652K [0x0000000604800000, 0x0000000800000000)
  region size 4096K, 11 young (45056K), 1 survivors (4096K)
 Metaspace       used 23110K, committed 23488K, reserved 1114112K
  class space    used 2949K, committed 3136K, reserved 1048576K
}
Event: 1.365 GC heap after
{Heap after GC invocations=10 (full 0):
 garbage-first heap   total 65536K, used 14858K [0x0000000604800000, 0x0000000800000000)
  region size 4096K, 2 young (8192K), 2 survivors (8192K)
 Metaspace       used 23110K, committed 23488K, reserved 1114112K
  class space    used 2949K, committed 3136K, reserved 1048576K
}
Event: 1.495 GC heap before
{Heap before GC invocations=10 (full 0):
 garbage-first heap   total 65536K, used 43530K [0x0000000604800000, 0x0000000800000000)
  region size 4096K, 9 young (36864K), 2 survivors (8192K)
 Metaspace       used 24525K, committed 24896K, reserved 1114112K
  class space    used 3141K, committed 3328K, reserved 1048576K
}
Event: 1.497 GC heap after
{Heap after GC invocations=11 (full 0):
 garbage-first heap   total 65536K, used 15482K [0x0000000604800000, 0x0000000800000000)
  region size 4096K, 2 young (8192K), 2 survivors (8192K)
 Metaspace       used 24525K, committed 24896K, reserved 1114112K
  class space    used 3141K, committed 3328K, reserved 1048576K
}
Event: 1.664 GC heap before
{Heap before GC invocations=11 (full 0):
 garbage-first heap   total 65536K, used 44154K [0x0000000604800000, 0x0000000800000000)
  region size 4096K, 9 young (36864K), 2 survivors (8192K)
 Metaspace       used 26253K, committed 26624K, reserved 1114112K
  class space    used 3421K, committed 3584K, reserved 1048576K
}
Event: 1.666 GC heap after
{Heap after GC invocations=12 (full 0):
 garbage-first heap   total 65536K, used 16572K [0x0000000604800000, 0x0000000800000000)
  region size 4096K, 2 young (8192K), 2 survivors (8192K)
 Metaspace       used 26253K, committed 26624K, reserved 1114112K
  class space    used 3421K, committed 3584K, reserved 1048576K
}
Event: 1.851 GC heap before
{Heap before GC invocations=12 (full 0):
 garbage-first heap   total 65536K, used 45244K [0x0000000604800000, 0x0000000800000000)
  region size 4096K, 9 young (36864K), 2 survivors (8192K)
 Metaspace       used 28729K, committed 29248K, reserved 1114112K
  class space    used 3781K, committed 4032K, reserved 1048576K
}
Event: 1.854 GC heap after
{Heap after GC invocations=13 (full 0):
 garbage-first heap   total 294912K, used 18026K [0x0000000604800000, 0x0000000800000000)
  region size 4096K, 2 young (8192K), 2 survivors (8192K)
 Metaspace       used 28729K, committed 29248K, reserved 1114112K
  class space    used 3781K, committed 4032K, reserved 1048576K
}
Event: 2.285 GC heap before
{Heap before GC invocations=13 (full 0):
 garbage-first heap   total 294912K, used 99946K [0x0000000604800000, 0x0000000800000000)
  region size 4096K, 23 young (94208K), 2 survivors (8192K)
 Metaspace       used 35538K, committed 36096K, reserved 1114112K
  class space    used 4705K, committed 4992K, reserved 1048576K
}
Event: 2.290 GC heap after
{Heap after GC invocations=14 (full 0):
 garbage-first heap   total 294912K, used 20861K [0x0000000604800000, 0x0000000800000000)
  region size 4096K, 3 young (12288K), 3 survivors (12288K)
 Metaspace       used 35538K, committed 36096K, reserved 1114112K
  class space    used 4705K, committed 4992K, reserved 1048576K
}
Event: 2.690 GC heap before
{Heap before GC invocations=15 (full 0):
 garbage-first heap   total 98304K, used 90493K [0x0000000604800000, 0x0000000800000000)
  region size 4096K, 20 young (81920K), 3 survivors (12288K)
 Metaspace       used 42038K, committed 42624K, reserved 1114112K
  class space    used 5632K, committed 5888K, reserved 1048576K
}
Event: 2.695 GC heap after
{Heap after GC invocations=16 (full 0):
 garbage-first heap   total 110592K, used 22729K [0x0000000604800000, 0x0000000800000000)
  region size 4096K, 3 young (12288K), 3 survivors (12288K)
 Metaspace       used 42038K, committed 42624K, reserved 1114112K
  class space    used 5632K, committed 5888K, reserved 1048576K
}
Event: 2.906 GC heap before
{Heap before GC invocations=16 (full 0):
 garbage-first heap   total 110592K, used 75977K [0x0000000604800000, 0x0000000800000000)
  region size 4096K, 16 young (65536K), 3 survivors (12288K)
 Metaspace       used 47614K, committed 48256K, reserved 1114112K
  class space    used 6420K, committed 6720K, reserved 1048576K
}
Event: 2.910 GC heap after
{Heap after GC invocations=17 (full 0):
 garbage-first heap   total 110592K, used 23781K [0x0000000604800000, 0x0000000800000000)
  region size 4096K, 1 young (4096K), 1 survivors (4096K)
 Metaspace       used 47614K, committed 48256K, reserved 1114112K
  class space    used 6420K, committed 6720K, reserved 1048576K
}
Event: 3.221 GC heap before
{Heap before GC invocations=17 (full 0):
 garbage-first heap   total 110592K, used 85221K [0x0000000604800000, 0x0000000800000000)
  region size 4096K, 16 young (65536K), 1 survivors (4096K)
 Metaspace       used 53409K, committed 54080K, reserved 1114112K
  class space    used 7391K, committed 7680K, reserved 1048576K
}
Event: 3.224 GC heap after
{Heap after GC invocations=18 (full 0):
 garbage-first heap   total 315392K, used 23984K [0x0000000604800000, 0x0000000800000000)
  region size 4096K, 1 young (4096K), 1 survivors (4096K)
 Metaspace       used 53409K, committed 54080K, reserved 1114112K
  class space    used 7391K, committed 7680K, reserved 1048576K
}

